0 verbose cli C:\Program Files\nodejs\node.exe C:\Program Files\nodejs\node_modules\npm\bin\npm-cli.js
1 info using npm@10.8.2
2 info using node@v20.19.5
3 silly config load:file:C:\Program Files\nodejs\node_modules\npm\npmrc
4 silly config load:file:C:\Users\Lenovo\OneDrive\المستندات\Registration form\.npmrc
5 silly config load:file:C:\Users\Lenovo\.npmrc
6 silly config load:file:C:\Users\Lenovo\AppData\Roaming\npm\etc\npmrc
7 verbose title npm exec @angular/cli@20 new rawafed-admissions --directory . --standalone --style scss --routing --skip-git --skip-tests --package-manager npm
8 verbose argv "exec" "--yes" "--" "@angular/cli@20" "new" "rawafed-admissions" "--directory" "." "--standalone" "--style" "scss" "--routing" "--skip-git" "--skip-tests" "--package-manager" "npm"
9 verbose logfile logs-max:10 dir:C:\Users\Lenovo\OneDrive\المستندات\Registration form\.npm-cache\_logs\2026-06-28T15_07_46_512Z-
10 verbose logfile C:\Users\Lenovo\OneDrive\المستندات\Registration form\.npm-cache\_logs\2026-06-28T15_07_46_512Z-debug-0.log
11 silly logfile done cleaning log files
12 silly packumentCache heap:2197815296 maxSize:549453824 maxEntrySize:274726912
13 http fetch GET 200 https://registry.npmjs.org/npm 355ms
14 http fetch GET 200 https://registry.npmjs.org/@angular%2fcli 288ms (cache miss)
15 silly packumentCache heap:2197815296 maxSize:549453824 maxEntrySize:274726912
16 verbose stack Error: EPERM: operation not permitted, lstat 'C:\Users\Lenovo'
16 verbose stack     at async lstat (node:internal/fs/promises:1025:18)
16 verbose stack     at async #loadActual (C:\Program Files\nodejs\node_modules\npm\node_modules\@npmcli\arborist\lib\arborist\load-actual.js:112:20)
16 verbose stack     at async exec (C:\Program Files\nodejs\node_modules\npm\node_modules\libnpmexec\lib\index.js:207:26)
16 verbose stack     at async Npm.exec (C:\Program Files\nodejs\node_modules\npm\lib\npm.js:207:9)
16 verbose stack     at async module.exports (C:\Program Files\nodejs\node_modules\npm\lib\cli\entry.js:74:5)
17 error code EPERM
18 error syscall lstat
19 error path C:\Users\Lenovo
20 error errno -4048
21 error Error: EPERM: operation not permitted, lstat 'C:\Users\Lenovo'
21 error     at async lstat (node:internal/fs/promises:1025:18)
21 error     at async #loadActual (C:\Program Files\nodejs\node_modules\npm\node_modules\@npmcli\arborist\lib\arborist\load-actual.js:112:20)
21 error     at async exec (C:\Program Files\nodejs\node_modules\npm\node_modules\libnpmexec\lib\index.js:207:26)
21 error     at async Npm.exec (C:\Program Files\nodejs\node_modules\npm\lib\npm.js:207:9)
21 error     at async module.exports (C:\Program Files\nodejs\node_modules\npm\lib\cli\entry.js:74:5) {
21 error   errno: -4048,
21 error   code: 'EPERM',
21 error   syscall: 'lstat',
21 error   path: 'C:\\Users\\Lenovo'
21 error }
22 error
22 error The operation was rejected by your operating system.
22 error It's possible that the file was already in use (by a text editor or antivirus),
22 error or that you lack permissions to access it.
22 error
22 error If you believe this might be a permissions issue, please double-check the
22 error permissions of the file and its containing directories, or try running
22 error the command again as root/Administrator.
23 verbose cwd C:\Users\Lenovo\OneDrive\المستندات\Registration form
24 verbose os Windows_NT 10.0.26200
25 verbose node v20.19.5
26 verbose npm  v10.8.2
27 notice
27 notice New major version of npm available! 10.8.2 -> 11.17.0
27 notice Changelog: https://github.com/npm/cli/releases/tag/v11.17.0
27 notice To update run: npm install -g npm@11.17.0
27 notice  { force: true, [Symbol(proc-log.meta)]: true }
28 verbose exit -4048
29 verbose code -4048
30 error A complete log of this run can be found in: C:\Users\Lenovo\OneDrive\المستندات\Registration form\.npm-cache\_logs\2026-06-28T15_07_46_512Z-debug-0.log
