0 verbose cli C:\Program Files\nodejs\node.exe C:\Program Files\nodejs\node_modules\npm\bin\npm-cli.js
1 info using npm@10.8.2
2 info using node@v20.19.5
3 silly config load:file:C:\Program Files\nodejs\node_modules\npm\npmrc
4 silly config load:file:C:\Users\Lenovo\OneDrive\المستندات\Registration form\.npmrc
5 silly config load:file:C:\Users\Lenovo\OneDrive\المستندات\Registration form\.npm-global\etc\npmrc
6 verbose title npm exec @angular/cli@20 new rawafed-admissions --directory . --standalone --style scss --routing --skip-git --skip-tests --package-manager npm
7 verbose argv "exec" "--yes" "--" "@angular/cli@20" "new" "rawafed-admissions" "--directory" "." "--standalone" "--style" "scss" "--routing" "--skip-git" "--skip-tests" "--package-manager" "npm"
8 verbose logfile logs-max:10 dir:C:\Users\Lenovo\OneDrive\المستندات\Registration form\.npm-cache\_logs\2026-06-28T15_10_25_600Z-
9 verbose logfile C:\Users\Lenovo\OneDrive\المستندات\Registration form\.npm-cache\_logs\2026-06-28T15_10_25_600Z-debug-0.log
10 silly logfile done cleaning log files
11 silly packumentCache heap:2197815296 maxSize:549453824 maxEntrySize:274726912
12 http fetch GET 200 https://registry.npmjs.org/@angular%2fcli 286ms (cache revalidated)
13 silly packumentCache heap:2197815296 maxSize:549453824 maxEntrySize:274726912
14 silly packumentCache heap:2197815296 maxSize:549453824 maxEntrySize:274726912
15 verbose cwd C:\Users\Lenovo\OneDrive\المستندات\Registration form
16 verbose os Windows_NT 10.0.26200
17 verbose node v20.19.5
18 verbose npm  v10.8.2
19 verbose exit 1
20 verbose code 1
