0 verbose cli C:\Program Files\nodejs\node.exe C:\Program Files\nodejs\node_modules\npm\bin\npm-cli.js
1 info using npm@10.8.2
2 info using node@v20.19.5
3 silly config load:file:C:\Program Files\nodejs\node_modules\npm\npmrc
4 silly config load:file:C:\Users\Lenovo\OneDrive\المستندات\Registration form\.npmrc
5 silly config load:file:C:\Users\Lenovo\OneDrive\المستندات\Registration form\.npm-global\etc\npmrc
6 verbose title npm install
7 verbose argv "install"
8 verbose logfile logs-max:10 dir:C:\Users\Lenovo\OneDrive\المستندات\Registration form\.npm-cache\_logs\2026-06-28T15_11_15_714Z-
9 verbose logfile C:\Users\Lenovo\OneDrive\المستندات\Registration form\.npm-cache\_logs\2026-06-28T15_11_15_714Z-debug-0.log
10 silly packumentCache heap:2197815296 maxSize:549453824 maxEntrySize:274726912
11 silly logfile done cleaning log files
12 silly idealTree buildDeps
13 silly fetch manifest @angular/animations@^20.0.0
14 silly packumentCache full:https://registry.npmjs.org/@angular%2fanimations cache-miss
15 http fetch GET 200 https://registry.npmjs.org/@angular%2fanimations 957ms (cache miss)
16 silly packumentCache full:https://registry.npmjs.org/@angular%2fanimations set size:undefined disposed:false
17 silly fetch manifest @angular/common@^20.0.0
18 silly packumentCache full:https://registry.npmjs.org/@angular%2fcommon cache-miss
19 http fetch GET 200 https://registry.npmjs.org/@angular%2fcommon 681ms (cache miss)
20 silly packumentCache full:https://registry.npmjs.org/@angular%2fcommon set size:undefined disposed:false
21 silly fetch manifest @angular/common@20.1.8
22 silly packumentCache full:https://registry.npmjs.org/@angular%2fcommon cache-miss
23 http fetch GET 200 https://registry.npmjs.org/@angular%2fcommon 23ms (cache hit)
24 silly packumentCache full:https://registry.npmjs.org/@angular%2fcommon set size:3166222 disposed:false
25 silly fetch manifest @angular/core@^20.0.0
26 silly packumentCache full:https://registry.npmjs.org/@angular%2fcore cache-miss
27 http fetch GET 200 https://registry.npmjs.org/@angular%2fcore 603ms (cache miss)
28 silly packumentCache full:https://registry.npmjs.org/@angular%2fcore set size:undefined disposed:false
29 silly fetch manifest @angular/core@20.1.8
30 silly packumentCache full:https://registry.npmjs.org/@angular%2fcore cache-miss
31 http fetch GET 200 https://registry.npmjs.org/@angular%2fcore 16ms (cache hit)
32 silly packumentCache full:https://registry.npmjs.org/@angular%2fcore set size:3059631 disposed:false
33 silly fetch manifest @angular/compiler@^20.0.0
34 silly packumentCache full:https://registry.npmjs.org/@angular%2fcompiler cache-miss
35 http fetch GET 200 https://registry.npmjs.org/@angular%2fcompiler 689ms (cache miss)
36 silly packumentCache full:https://registry.npmjs.org/@angular%2fcompiler set size:undefined disposed:false
37 silly fetch manifest @angular/compiler@20.1.8
38 silly packumentCache full:https://registry.npmjs.org/@angular%2fcompiler cache-miss
39 http fetch GET 200 https://registry.npmjs.org/@angular%2fcompiler 19ms (cache hit)
40 silly packumentCache full:https://registry.npmjs.org/@angular%2fcompiler set size:2752221 disposed:false
41 silly fetch manifest rxjs@~7.8.1
42 silly packumentCache full:https://registry.npmjs.org/rxjs cache-miss
43 http fetch GET 200 https://registry.npmjs.org/rxjs 46ms (cache hit)
44 silly packumentCache full:https://registry.npmjs.org/rxjs set size:980097 disposed:false
45 silly fetch manifest zone.js@~0.15.0
46 silly packumentCache full:https://registry.npmjs.org/zone.js cache-miss
47 http fetch GET 200 https://registry.npmjs.org/zone.js 285ms (cache miss)
48 silly packumentCache full:https://registry.npmjs.org/zone.js set size:undefined disposed:false
49 silly fetch manifest @angular/cdk@^20.0.0
50 silly packumentCache full:https://registry.npmjs.org/@angular%2fcdk cache-miss
51 http fetch GET 200 https://registry.npmjs.org/@angular%2fcdk 717ms (cache miss)
52 silly packumentCache full:https://registry.npmjs.org/@angular%2fcdk set size:undefined disposed:false
53 silly fetch manifest @angular/forms@^20.0.0
54 silly packumentCache full:https://registry.npmjs.org/@angular%2fforms cache-miss
55 http fetch GET 200 https://registry.npmjs.org/@angular%2fforms 625ms (cache miss)
56 silly packumentCache full:https://registry.npmjs.org/@angular%2fforms set size:undefined disposed:false
57 silly fetch manifest @angular/platform-browser@^20.0.0
58 silly packumentCache full:https://registry.npmjs.org/@angular%2fplatform-browser cache-miss
59 http fetch GET 200 https://registry.npmjs.org/@angular%2fplatform-browser 752ms (cache miss)
60 silly packumentCache full:https://registry.npmjs.org/@angular%2fplatform-browser set size:undefined disposed:false
61 silly fetch manifest @angular/animations@20.3.25
62 silly packumentCache full:https://registry.npmjs.org/@angular%2fanimations cache-miss
63 http fetch GET 200 https://registry.npmjs.org/@angular%2fanimations 13ms (cache hit)
64 silly packumentCache full:https://registry.npmjs.org/@angular%2fanimations set size:2884571 disposed:false
65 silly fetch manifest @angular/material@^20.0.0
66 silly packumentCache full:https://registry.npmjs.org/@angular%2fmaterial cache-miss
67 http fetch GET 200 https://registry.npmjs.org/@angular%2fmaterial 744ms (cache miss)
68 silly packumentCache full:https://registry.npmjs.org/@angular%2fmaterial set size:undefined disposed:false
69 silly fetch manifest @angular/platform-browser-dynamic@^20.0.0
70 silly packumentCache full:https://registry.npmjs.org/@angular%2fplatform-browser-dynamic cache-miss
71 http fetch GET 200 https://registry.npmjs.org/@angular%2fplatform-browser-dynamic 604ms (cache miss)
72 silly packumentCache full:https://registry.npmjs.org/@angular%2fplatform-browser-dynamic set size:undefined disposed:false
73 silly fetch manifest @angular/common@20.0.7
74 silly packumentCache full:https://registry.npmjs.org/@angular%2fcommon cache-miss
75 http fetch GET 200 https://registry.npmjs.org/@angular%2fcommon 28ms (cache hit)
76 silly packumentCache full:https://registry.npmjs.org/@angular%2fcommon set size:3166222 disposed:false
77 silly fetch manifest @angular/core@20.0.7
78 silly packumentCache full:https://registry.npmjs.org/@angular%2fcore cache-miss
79 http fetch GET 200 https://registry.npmjs.org/@angular%2fcore 17ms (cache hit)
80 silly packumentCache full:https://registry.npmjs.org/@angular%2fcore set size:3059631 disposed:false
81 silly fetch manifest @angular/compiler@20.0.7
82 silly packumentCache full:https://registry.npmjs.org/@angular%2fcompiler cache-miss
83 http fetch GET 200 https://registry.npmjs.org/@angular%2fcompiler 28ms (cache hit)
84 silly packumentCache full:https://registry.npmjs.org/@angular%2fcompiler set size:2752221 disposed:false
85 silly fetch manifest @angular/platform-browser@20.0.7
86 silly packumentCache full:https://registry.npmjs.org/@angular%2fplatform-browser cache-miss
87 http fetch GET 200 https://registry.npmjs.org/@angular%2fplatform-browser 17ms (cache hit)
88 silly packumentCache full:https://registry.npmjs.org/@angular%2fplatform-browser set size:3159527 disposed:false
89 silly fetch manifest @angular/animations@20.0.7
90 silly packumentCache full:https://registry.npmjs.org/@angular%2fanimations cache-miss
91 http fetch GET 200 https://registry.npmjs.org/@angular%2fanimations 24ms (cache hit)
92 silly packumentCache full:https://registry.npmjs.org/@angular%2fanimations set size:2884571 disposed:false
93 silly fetch manifest @angular/router@^20.0.0
94 silly packumentCache full:https://registry.npmjs.org/@angular%2frouter cache-miss
95 http fetch GET 200 https://registry.npmjs.org/@angular%2frouter 649ms (cache miss)
96 silly packumentCache full:https://registry.npmjs.org/@angular%2frouter set size:undefined disposed:false
97 silly fetch manifest @angular/service-worker@^20.0.0
98 silly packumentCache full:https://registry.npmjs.org/@angular%2fservice-worker cache-miss
99 http fetch GET 200 https://registry.npmjs.org/@angular%2fservice-worker 747ms (cache miss)
100 silly packumentCache full:https://registry.npmjs.org/@angular%2fservice-worker set size:undefined disposed:false
101 silly fetch manifest jspdf@^2.5.2
102 silly packumentCache full:https://registry.npmjs.org/jspdf cache-miss
103 http fetch GET 200 https://registry.npmjs.org/jspdf 46ms (cache miss)
104 silly packumentCache full:https://registry.npmjs.org/jspdf set size:undefined disposed:false
105 silly fetch manifest qrcode@^1.5.4
106 silly packumentCache full:https://registry.npmjs.org/qrcode cache-miss
107 http fetch GET 200 https://registry.npmjs.org/qrcode 270ms (cache miss)
108 silly packumentCache full:https://registry.npmjs.org/qrcode set size:undefined disposed:false
109 silly fetch manifest signature_pad@^5.0.4
110 silly packumentCache full:https://registry.npmjs.org/signature_pad cache-miss
111 http fetch GET 200 https://registry.npmjs.org/signature_pad 285ms (cache miss)
112 silly packumentCache full:https://registry.npmjs.org/signature_pad set size:undefined disposed:false
113 silly fetch manifest tslib@^2.6.2
114 silly packumentCache full:https://registry.npmjs.org/tslib cache-miss
115 http fetch GET 200 https://registry.npmjs.org/tslib 19ms (cache hit)
116 silly packumentCache full:https://registry.npmjs.org/tslib set size:108843 disposed:false
117 silly fetch manifest xlsx@^0.18.5
118 silly packumentCache full:https://registry.npmjs.org/xlsx cache-miss
119 http fetch GET 200 https://registry.npmjs.org/xlsx 293ms (cache miss)
120 silly packumentCache full:https://registry.npmjs.org/xlsx set size:undefined disposed:false
121 silly fetch manifest @angular-devkit/build-angular@^20.0.0
122 silly packumentCache full:https://registry.npmjs.org/@angular-devkit%2fbuild-angular cache-miss
123 http fetch GET 200 https://registry.npmjs.org/@angular-devkit%2fbuild-angular 775ms (cache miss)
124 silly packumentCache full:https://registry.npmjs.org/@angular-devkit%2fbuild-angular set size:undefined disposed:false
125 silly fetch manifest @angular/compiler-cli@^20.0.0
126 silly packumentCache full:https://registry.npmjs.org/@angular%2fcompiler-cli cache-miss
127 http fetch GET 200 https://registry.npmjs.org/@angular%2fcompiler-cli 624ms (cache miss)
128 silly packumentCache full:https://registry.npmjs.org/@angular%2fcompiler-cli set size:undefined disposed:false
129 silly fetch manifest typescript@~5.8.3
130 silly packumentCache full:https://registry.npmjs.org/typescript cache-miss
131 http fetch GET 200 https://registry.npmjs.org/typescript 248ms (cache miss)
132 silly packumentCache full:https://registry.npmjs.org/typescript set size:undefined disposed:false
133 silly fetch manifest @angular/localize@^20.0.0
134 silly packumentCache full:https://registry.npmjs.org/@angular%2flocalize cache-miss
135 http fetch GET 200 https://registry.npmjs.org/@angular%2flocalize 610ms (cache miss)
136 silly packumentCache full:https://registry.npmjs.org/@angular%2flocalize set size:undefined disposed:false
137 silly fetch manifest @angular/platform-server@^20.0.0
138 silly packumentCache full:https://registry.npmjs.org/@angular%2fplatform-server cache-miss
139 http fetch GET 200 https://registry.npmjs.org/@angular%2fplatform-server 663ms (cache miss)
140 silly packumentCache full:https://registry.npmjs.org/@angular%2fplatform-server set size:undefined disposed:false
141 silly fetch manifest @angular/ssr@^20.3.30
142 silly packumentCache full:https://registry.npmjs.org/@angular%2fssr cache-miss
143 http fetch GET 200 https://registry.npmjs.org/@angular%2fssr 555ms (cache miss)
144 silly packumentCache full:https://registry.npmjs.org/@angular%2fssr set size:undefined disposed:false
145 silly fetch manifest @web/test-runner@^0.20.0
146 silly packumentCache full:https://registry.npmjs.org/@web%2ftest-runner cache-miss
147 http fetch GET 200 https://registry.npmjs.org/@web%2ftest-runner 794ms (cache miss)
148 silly packumentCache full:https://registry.npmjs.org/@web%2ftest-runner set size:undefined disposed:false
149 silly fetch manifest browser-sync@^3.0.2
150 silly packumentCache full:https://registry.npmjs.org/browser-sync cache-miss
151 http fetch GET 200 https://registry.npmjs.org/browser-sync 457ms (cache miss)
152 silly packumentCache full:https://registry.npmjs.org/browser-sync set size:undefined disposed:false
153 silly fetch manifest jest@^29.5.0 || ^30.2.0
154 silly packumentCache full:https://registry.npmjs.org/jest cache-miss
155 http fetch GET 200 https://registry.npmjs.org/jest 316ms (cache miss)
156 silly packumentCache full:https://registry.npmjs.org/jest set size:undefined disposed:false
157 silly fetch manifest node-notifier@^8.0.1 || ^9.0.0 || ^10.0.0
158 silly packumentCache full:https://registry.npmjs.org/node-notifier cache-miss
159 http fetch GET 200 https://registry.npmjs.org/node-notifier 295ms (cache miss)
160 silly packumentCache full:https://registry.npmjs.org/node-notifier set size:undefined disposed:false
161 silly fetch manifest jest-environment-jsdom@^29.5.0 || ^30.2.0
162 silly packumentCache full:https://registry.npmjs.org/jest-environment-jsdom cache-miss
163 http fetch GET 200 https://registry.npmjs.org/jest-environment-jsdom 324ms (cache miss)
164 silly packumentCache full:https://registry.npmjs.org/jest-environment-jsdom set size:undefined disposed:false
165 silly fetch manifest canvas@^3.0.0
166 silly packumentCache full:https://registry.npmjs.org/canvas cache-miss
167 http fetch GET 200 https://registry.npmjs.org/canvas 384ms (cache miss)
168 silly packumentCache full:https://registry.npmjs.org/canvas set size:undefined disposed:false
169 silly fetch manifest karma@^6.3.0
170 silly packumentCache full:https://registry.npmjs.org/karma cache-miss
171 http fetch GET 200 https://registry.npmjs.org/karma 361ms (cache miss)
172 silly packumentCache full:https://registry.npmjs.org/karma set size:undefined disposed:false
173 silly fetch manifest ng-packagr@^20.0.0
174 silly packumentCache full:https://registry.npmjs.org/ng-packagr cache-miss
175 http fetch GET 200 https://registry.npmjs.org/ng-packagr 329ms (cache miss)
176 silly packumentCache full:https://registry.npmjs.org/ng-packagr set size:undefined disposed:false
177 silly fetch manifest tailwindcss@^2.0.0 || ^3.0.0 || ^4.0.0
178 silly packumentCache full:https://registry.npmjs.org/tailwindcss cache-miss
179 http fetch GET 200 https://registry.npmjs.org/tailwindcss 652ms (cache miss)
180 silly packumentCache full:https://registry.npmjs.org/tailwindcss set size:undefined disposed:false
181 silly fetch manifest protractor@^7.0.0
182 silly packumentCache full:https://registry.npmjs.org/protractor cache-miss
183 http fetch GET 200 https://registry.npmjs.org/protractor 282ms (cache miss)
184 silly packumentCache full:https://registry.npmjs.org/protractor set size:undefined disposed:false
185 silly fetch manifest @angular/cli@^20.0.0
186 silly packumentCache full:https://registry.npmjs.org/@angular%2fcli cache-miss
187 http fetch GET 200 https://registry.npmjs.org/@angular%2fcli 21ms (cache hit)
188 silly packumentCache full:https://registry.npmjs.org/@angular%2fcli set size:3185917 disposed:false
189 silly placeDep ROOT @angular-devkit/build-angular@20.3.30 OK for: rawafed-admission-management@1.0.0 want: ^20.0.0
190 silly placeDep ROOT typescript@5.8.3 OK for: @angular-devkit/build-angular@20.3.30 want: >=5.8 <6.0
191 silly placeDep ROOT @angular/compiler-cli@20.3.25 OK for: @angular-devkit/build-angular@20.3.30 want: ^20.0.0
192 silly placeDep ROOT @angular/compiler@20.3.25 OK for: @angular/compiler-cli@20.3.25 want: 20.3.25
193 verbose stack Error: could not resolve
193 verbose stack     at PlaceDep.failPeerConflict (C:\Program Files\nodejs\node_modules\npm\node_modules\@npmcli\arborist\lib\place-dep.js:503:25)
193 verbose stack     at new PlaceDep (C:\Program Files\nodejs\node_modules\npm\node_modules\@npmcli\arborist\lib\place-dep.js:157:21)
193 verbose stack     at #buildDepStep (C:\Program Files\nodejs\node_modules\npm\node_modules\@npmcli\arborist\lib\arborist\build-ideal-tree.js:917:18)
193 verbose stack     at async Arborist.buildIdealTree (C:\Program Files\nodejs\node_modules\npm\node_modules\@npmcli\arborist\lib\arborist\build-ideal-tree.js:181:7)
193 verbose stack     at async Promise.all (index 1)
193 verbose stack     at async Arborist.reify (C:\Program Files\nodejs\node_modules\npm\node_modules\@npmcli\arborist\lib\arborist\reify.js:131:5)
193 verbose stack     at async Install.exec (C:\Program Files\nodejs\node_modules\npm\lib\commands\install.js:150:5)
193 verbose stack     at async Npm.exec (C:\Program Files\nodejs\node_modules\npm\lib\npm.js:207:9)
193 verbose stack     at async module.exports (C:\Program Files\nodejs\node_modules\npm\lib\cli\entry.js:74:5)
194 error code ERESOLVE
195 error ERESOLVE could not resolve
196 error
197 error While resolving: rawafed-admission-management@1.0.0
197 error Found: @angular/compiler@20.3.25
197 error node_modules/@angular/compiler
197 error   @angular/compiler@"^20.0.0" from the root project
197 error   peer @angular/compiler@"20.3.25" from @angular/compiler-cli@20.3.25
197 error   node_modules/@angular/compiler-cli
197 error     dev @angular/compiler-cli@"^20.0.0" from the root project
197 error     peer @angular/compiler-cli@"^20.0.0" from @angular-devkit/build-angular@20.3.30
197 error     node_modules/@angular-devkit/build-angular
197 error       dev @angular-devkit/build-angular@"^20.0.0" from the root project
197 error
197 error Could not resolve dependency:
197 error @angular/animations@"^20.0.0" from the root project
197 error
197 error Conflicting peer dependency: @angular/compiler@20.1.8
197 error node_modules/@angular/compiler
197 error   peerOptional @angular/compiler@"20.1.8" from @angular/core@20.1.8
197 error   node_modules/@angular/core
197 error     @angular/core@"^20.0.0" from the root project
197 error     peer @angular/core@"20.1.8" from @angular/animations@20.1.8
197 error     node_modules/@angular/animations
197 error       @angular/animations@"^20.0.0" from the root project
197 error     1 more (@angular/common)
197 error
197 error Fix the upstream dependency conflict, or retry
197 error this command with --force or --legacy-peer-deps
197 error to accept an incorrect (and potentially broken) dependency resolution.
198 error
198 error
198 error For a full report see:
198 error C:\Users\Lenovo\OneDrive\المستندات\Registration form\.npm-cache\_logs\2026-06-28T15_11_15_714Z-eresolve-report.txt
199 silly unfinished npm timer reify 1782659477016
200 silly unfinished npm timer reify:loadTrees 1782659477021
201 silly unfinished npm timer idealTree:buildDeps 1782659477039
202 silly unfinished npm timer idealTree:#root 1782659477040
203 verbose cwd C:\Users\Lenovo\OneDrive\المستندات\Registration form
204 verbose os Windows_NT 10.0.26200
205 verbose node v20.19.5
206 verbose npm  v10.8.2
207 verbose exit 1
208 verbose code 1
209 error A complete log of this run can be found in: C:\Users\Lenovo\OneDrive\المستندات\Registration form\.npm-cache\_logs\2026-06-28T15_11_15_714Z-debug-0.log
